Using pre-set license
Built from '2020.3/staging' branch; Version is '2020.3.8f1 (507919d4fff5) revision 5273881'; Using compiler version '192528614'; Build Type 'Release'
OS: 'Windows 10 Pro; OS build 19044.2364; Version 2009; 64bit' Language: 'tr' Physical Memory: 16173 MB
BatchMode: 1, IsHumanControllingUs: 0, StartBugReporterOnCrash: 0, Is64bit: 1, IsPro: 0

 COMMAND LINE ARGUMENTS:
C:\Program Files\Unity\Hub\Editor\2020.3.8f1\Editor\Unity.exe
-adb2
-batchMode
-noUpm
-name
AssetImportWorker0
-projectPath
C:/Users/Wolf/Desktop/Oyun Programlama/2D_Platform
-logFile
Logs/AssetImportWorker0.log
-srvPort
63653
Successfully changed project path to: C:/Users/Wolf/Desktop/Oyun Programlama/2D_Platform
C:/Users/Wolf/Desktop/Oyun Programlama/2D_Platform
Using Asset Import Pipeline V2.
Refreshing native plugins compatible for Editor in 59.84 ms, found 1 plugins.
Preloading 0 native plugins for Editor in 0.00 ms.
Initialize engine version: 2020.3.8f1 (507919d4fff5)
[Subsystems] Discovering subsystems at path C:/Program Files/Unity/Hub/Editor/2020.3.8f1/Editor/Data/Resources/UnitySubsystems
[Subsystems] Discovering subsystems at path C:/Users/Wolf/Desktop/Oyun Programlama/2D_Platform/Assets
GfxDevice: creating device client; threaded=0
Direct3D:
    Version:  Direct3D 11.0 [level 11.1]
    Renderer: NVIDIA GeForce GTX 1650 Ti (ID=0x1f95)
    Vendor:   
    VRAM:     3949 MB
    Driver:   31.0.15.2756
Initialize mono
Mono path[0] = 'C:/Program Files/Unity/Hub/Editor/2020.3.8f1/Editor/Data/Managed'
Mono path[1] = 'C:/Program Files/Unity/Hub/Editor/2020.3.8f1/Editor/Data/MonoBleedingEdge/lib/mono/unityjit'
Mono config path = 'C:/Program Files/Unity/Hub/Editor/2020.3.8f1/Editor/Data/MonoBleedingEdge/etc'
Using monoOptions --debugger-agent=transport=dt_socket,embedding=1,server=y,suspend=n,address=127.0.0.1:56472
Begin MonoManager ReloadAssembly
Registering precompiled unity dll's ...
Register platform support module: C:/Program Files/Unity/Hub/Editor/2020.3.8f1/Editor/Data/PlaybackEngines/WindowsStandaloneSupport/UnityEditor.WindowsStandalone.Extensions.dll
Registered in 0.004275 seconds.
Native extension for WindowsStandalone target not found
Refreshing native plugins compatible for Editor in 62.62 ms, found 1 plugins.
Preloading 0 native plugins for Editor in 0.00 ms.
Mono: successfully reloaded assembly
- Completed reload, in  1.685 seconds
Platform modules already initialized, skipping
Registering precompiled user dll's ...
Registered in 0.001473 seconds.
Begin MonoManager ReloadAssembly
Native extension for WindowsStandalone target not found
Refreshing native plugins compatible for Editor in 84.80 ms, found 1 plugins.
Preloading 0 native plugins for Editor in 0.00 ms.
Mono: successfully reloaded assembly
- Completed reload, in  1.724 seconds
Platform modules already initialized, skipping
========================================================================
Worker process is ready to serve import requests
Launched and connected shader compiler UnityShaderCompiler.exe after 0.05 seconds
Refreshing native plugins compatible for Editor in 0.50 ms, found 1 plugins.
Preloading 0 native plugins for Editor in 0.00 ms.
Unloading 1818 Unused Serialized files (Serialized files now loaded: 0)
System memory in use before: 85.1 MB.
System memory in use after: 85.1 MB.

Unloading 24 unused Assets to reduce memory usage. Loaded Objects now: 2261.
Total: 3.028300 ms (FindLiveObjects: 0.244600 ms CreateObjectMapping: 0.103900 ms MarkObjects: 2.515100 ms  DeleteObjects: 0.163300 ms)

========================================================================
Received Import Request.
  path: Assets/Scenes/Level 1.unity
  artifactKey: Guid(2cda990e2423bbf4892e6590ba056729) Importer(815301076,1909f56bfc062723c751e8b465ee728b)
Start importing Assets/Scenes/Level 1.unity using Guid(2cda990e2423bbf4892e6590ba056729) Importer(815301076,1909f56bfc062723c751e8b465ee728b)  -> (artifact id: 'f8696b2055daced1321e2c5254872cab') in 0.021732 seconds
  Import took 0.025864 seconds .

========================================================================
Received Import Request.
  Time since last request: 906.634582 seconds.
  path: Assets/Scripts/WaypointFallower.cs
  artifactKey: Guid(a2219c8db5483054f88c9b5afe52fe9a) Importer(815301076,1909f56bfc062723c751e8b465ee728b)
Start importing Assets/Scripts/WaypointFallower.cs using Guid(a2219c8db5483054f88c9b5afe52fe9a) Importer(815301076,1909f56bfc062723c751e8b465ee728b)  -> (artifact id: '6330ec2b4ed8a0d88237277b2dd1e89a') in 0.038438 seconds
  Import took 0.043272 seconds .

========================================================================
Received Import Request.
  Time since last request: 2.355951 seconds.
  path: Assets/Scripts/StickyPlatform.cs
  artifactKey: Guid(132592d172598454aa62d0ed44aa8f3a) Importer(815301076,1909f56bfc062723c751e8b465ee728b)
Start importing Assets/Scripts/StickyPlatform.cs using Guid(132592d172598454aa62d0ed44aa8f3a) Importer(815301076,1909f56bfc062723c751e8b465ee728b)  -> (artifact id: 'adade3cf2bd804a9e016be6ff3cb8b7b') in 0.008204 seconds
  Import took 0.012585 seconds .

========================================================================
Received Import Request.
  Time since last request: 8.480561 seconds.
  path: Assets/Scripts/CameraController.cs
  artifactKey: Guid(1b14722822d2e0e4fa45a97dd9f85ec7) Importer(815301076,1909f56bfc062723c751e8b465ee728b)
Start importing Assets/Scripts/CameraController.cs using Guid(1b14722822d2e0e4fa45a97dd9f85ec7) Importer(815301076,1909f56bfc062723c751e8b465ee728b)  -> (artifact id: 'c840dcb34711c8622cd4da52e466dad4') in 0.009729 seconds
  Import took 0.014558 seconds .

========================================================================
Received Import Request.
  Time since last request: 0.809331 seconds.
  path: Assets/Scripts/ExitMenu.cs
  artifactKey: Guid(c7cf065df82840c4d88e198be3dec082) Importer(815301076,1909f56bfc062723c751e8b465ee728b)
Start importing Assets/Scripts/ExitMenu.cs using Guid(c7cf065df82840c4d88e198be3dec082) Importer(815301076,1909f56bfc062723c751e8b465ee728b)  -> (artifact id: '3e2da087599f56bfebc1a90d8d41d0b0') in 0.009270 seconds
  Import took 0.013613 seconds .

========================================================================
Received Import Request.
  Time since last request: 0.888470 seconds.
  path: Assets/Scripts/Finish.cs
  artifactKey: Guid(7bc4f0b109d66d84c90eab2b3c1796d8) Importer(815301076,1909f56bfc062723c751e8b465ee728b)
Start importing Assets/Scripts/Finish.cs using Guid(7bc4f0b109d66d84c90eab2b3c1796d8) Importer(815301076,1909f56bfc062723c751e8b465ee728b)  -> (artifact id: '0c59b8e43c4b25d8d7fe076fe4a347f8') in 0.008150 seconds
  Import took 0.012132 seconds .

========================================================================
Received Import Request.
  Time since last request: 6.162323 seconds.
  path: Assets/Scripts/PlayerMovement.cs
  artifactKey: Guid(f8dd669acbd5a6b43b037d780764ea25) Importer(815301076,1909f56bfc062723c751e8b465ee728b)
Start importing Assets/Scripts/PlayerMovement.cs using Guid(f8dd669acbd5a6b43b037d780764ea25) Importer(815301076,1909f56bfc062723c751e8b465ee728b)  -> (artifact id: '0a5bc512c3ea7716fbe6280dd502a4cd') in 0.008148 seconds
  Import took 0.012126 seconds .

========================================================================
Received Prepare
Registering precompiled user dll's ...
Registered in 0.001507 seconds.
Begin MonoManager ReloadAssembly
Native extension for WindowsStandalone target not found
Refreshing native plugins compatible for Editor in 0.63 ms, found 1 plugins.
Preloading 0 native plugins for Editor in 0.00 ms.
Mono: successfully reloaded assembly
- Completed reload, in  1.538 seconds
Platform modules already initialized, skipping
Refreshing native plugins compatible for Editor in 0.85 ms, found 1 plugins.
Preloading 0 native plugins for Editor in 0.00 ms.
Unloading 1813 Unused Serialized files (Serialized files now loaded: 0)
System memory in use before: 85.1 MB.
System memory in use after: 85.0 MB.

Unloading 12 unused Assets to reduce memory usage. Loaded Objects now: 2265.
Total: 3.658600 ms (FindLiveObjects: 0.293900 ms CreateObjectMapping: 0.158200 ms MarkObjects: 3.052500 ms  DeleteObjects: 0.152300 ms)

AssetImportWorkerClient::OnTransportError - code=2 error=End of file
